<?xml version="1.0" encoding="UTF-8"?>
<testng-results ignored="0" total="2" passed="2" failed="0" skipped="0">
  <reporter-output>
  </reporter-output>
  <suite started-at="2023-03-28T23:01:07 GST" name="RestaurantSuite" finished-at="2023-03-28T23:04:10 GST" duration-ms="182758">
    <groups>
    </groups>
    <test started-at="2023-03-28T23:01:07 GST" name="QALegendTest" finished-at="2023-03-28T23:04:10 GST" duration-ms="182758">
      <class name="com.POS.TestCases.VerifyCategoryTest">
        <test-method is-config="true" signature="loadFiles()[pri:0, instance:com.POS.TestCases.VerifyCategoryTest@52719fb6]" started-at="2023-03-28T23:01:04 GST" name="loadFiles" finished-at="2023-03-28T23:01:07 GST" duration-ms="3362" status="PASS">
          <reporter-output>
          </reporter-output>
        </test-method> <!-- loadFiles -->
        <test-method is-config="true" signature="loadConfig()[pri:0, instance:com.POS.TestCases.VerifyCategoryTest@52719fb6]" started-at="2023-03-28T23:01:07 GST" name="loadConfig" finished-at="2023-03-28T23:01:12 GST" duration-ms="4882" status="PASS">
          <reporter-output>
          </reporter-output>
        </test-method> <!-- loadConfig -->
        <test-method is-config="true" signature="beforeMethods(java.lang.String)[pri:0, instance:com.POS.TestCases.VerifyCategoryTest@52719fb6]" started-at="2023-03-28T23:01:12 GST" name="beforeMethods" finished-at="2023-03-28T23:01:42 GST" duration-ms="29357" status="PASS">
          <params>
            <param index="0">
              <value>
                <![CDATA[Chrome]]>
              </value>
            </param>
          </params>
          <reporter-output>
          </reporter-output>
        </test-method> <!-- beforeMethods -->
        <test-method signature="validateCatTblHeaders()[pri:0, instance:com.POS.TestCases.VerifyCategoryTest@52719fb6]" started-at="2023-03-28T23:01:42 GST" name="validateCatTblHeaders" finished-at="2023-03-28T23:01:50 GST" duration-ms="8473" status="PASS">
          <reporter-output>
          </reporter-output>
        </test-method> <!-- validateCatTblHeaders -->
        <test-method is-config="true" signature="afterMethod()[pri:0, instance:com.POS.TestCases.VerifyCategoryTest@52719fb6]" started-at="2023-03-28T23:01:50 GST" name="afterMethod" finished-at="2023-03-28T23:02:12 GST" duration-ms="21793" status="PASS">
          <reporter-output>
          </reporter-output>
        </test-method> <!-- afterMethod -->
        <test-method is-config="true" signature="beforeMethods(java.lang.String)[pri:0, instance:com.POS.TestCases.VerifyCategoryTest@52719fb6]" started-at="2023-03-28T23:02:12 GST" name="beforeMethods" finished-at="2023-03-28T23:02:31 GST" duration-ms="19431" status="PASS">
          <params>
            <param index="0">
              <value>
                <![CDATA[Chrome]]>
              </value>
            </param>
          </params>
          <reporter-output>
          </reporter-output>
        </test-method> <!-- beforeMethods -->
        <test-method signature="validateAddCategory()[pri:2, instance:com.POS.TestCases.VerifyCategoryTest@52719fb6]" started-at="2023-03-28T23:02:31 GST" name="validateAddCategory" finished-at="2023-03-28T23:04:01 GST" duration-ms="89973" status="PASS">
          <reporter-output>
          </reporter-output>
        </test-method> <!-- validateAddCategory -->
        <test-method is-config="true" signature="afterMethod()[pri:0, instance:com.POS.TestCases.VerifyCategoryTest@52719fb6]" started-at="2023-03-28T23:04:01 GST" name="afterMethod" finished-at="2023-03-28T23:04:10 GST" duration-ms="8735" status="PASS">
          <reporter-output>
          </reporter-output>
        </test-method> <!-- afterMethod -->
        <test-method is-config="true" signature="tearDown()[pri:0, instance:com.POS.TestCases.VerifyCategoryTest@52719fb6]" started-at="2023-03-28T23:04:11 GST" name="tearDown" finished-at="2023-03-28T23:04:15 GST" duration-ms="4756" status="PASS">
          <reporter-output>
          </reporter-output>
        </test-method> <!-- tearDown -->
      </class> <!-- com.POS.TestCases.VerifyCategoryTest -->
    </test> <!-- QALegendTest -->
  </suite> <!-- RestaurantSuite -->
</testng-results>
