<?xml version="1.0" encoding="UTF-8"?>
<!-- Generated by org.testng.reporters.JUnitXMLReporter -->
<testsuite ignored="2" hostname="DESKTOP-9H86UB9" failures="0" tests="5" name="QALegendTest" time="241.154" errors="0" timestamp="2023-03-23T12:08:10 GST">
  <testcase classname="com.POS.TestCases.VerifyStoreManageTest" name="validateAddStoreTable" time="45.783"/>
  <testcase classname="com.POS.TestCases.VerifyStoreManageTest" name="validateEditStoreTable" time="52.76"/>
  <testcase classname="com.POS.TestCases.VerifyStoreManageTest" name="validateDeleteStoreTbl" time="21.975"/>
  <testcase classname="com.POS.TestCases.VerifyStoreManageTest" name="validateDeleteZone" time="40.152"/>
  <testcase classname="com.POS.TestCases.VerifyStoreManageTest" name="validateDeleteStore" time="8.689"/>
  <testcase classname="com.POS.TestCases.VerifyStoreManageTest" name="validateAddZone" time="0.0">
    <ignored/>
  </testcase> <!-- validateAddZone -->
  <testcase classname="com.POS.TestCases.VerifyStoreManageTest" name="validateEditZone" time="0.0">
    <ignored/>
  </testcase> <!-- validateEditZone -->
</testsuite> <!-- QALegendTest -->
