<?xml version="1.0" encoding="UTF-8"?>
<!-- Generated by org.testng.reporters.JUnitXMLReporter -->
<testsuite ignored="22" hostname="DESKTOP-9H86UB9" failures="0" tests="37" name="QALegendTest" time="1289.662" errors="0" timestamp="2023-03-23T14:42:51 GST">
  <testcase classname="com.POS.TestCases.VerifyUserLoginTest" name="validateLogin" time="18.518"/>
  <testcase classname="com.POS.TestCases.VerifyUserLoginTest" name="validateAllLogin" time="1.159"/>
  <testcase classname="com.POS.TestCases.VerifyUserLoginTest" name="validateAllLogin" time="1.36"/>
  <testcase classname="com.POS.TestCases.VerifyUserLoginTest" name="validateAllLogin" time="1.253"/>
  <testcase classname="com.POS.TestCases.VerifyHomePageTest" name="validateLanguageSelection" time="19.318"/>
  <testcase classname="com.POS.TestCases.VerifyHomePageTest" name="validateMenuDisplay" time="4.996"/>
  <testcase classname="com.POS.TestCases.VerifyHomePageTest" name="validateMenuClick" time="13.261"/>
  <testcase classname="com.POS.TestCases.VerifyStoreTest" name="validateTableHeaders" time="5.422"/>
  <testcase classname="com.POS.TestCases.VerifyStoreTest" name="validateShowCount" time="8.81"/>
  <testcase classname="com.POS.TestCases.VerifyStoreTest" name="validateAddStore" time="25.118"/>
  <testcase classname="com.POS.TestCases.VerifyStoreTest" name="validateSearchStore" time="11.334"/>
  <testcase classname="com.POS.TestCases.VerifyStoreTest" name="validateEditStore" time="9.966"/>
  <testcase classname="com.POS.TestCases.VerifyStoreTest" name="validateStoreSorting" time="6.456"/>
  <testcase classname="com.POS.TestCases.VerifyStoreManageTest" name="validateAddZone" time="11.594"/>
  <testcase classname="com.POS.TestCases.VerifyStoreManageTest" name="validateEditZone" time="13.24"/>
  <testcase classname="com.POS.TestCases.VerifyStoreManageTest" name="validateAddStoreTable" time="8.784"/>
  <testcase classname="com.POS.TestCases.VerifyStoreManageTest" name="validateEditStoreTable" time="8.994"/>
  <testcase classname="com.POS.TestCases.VerifyStoreManageTest" name="validateDeleteStoreTbl" time="7.774"/>
  <testcase classname="com.POS.TestCases.VerifyStoreManageTest" name="validateDeleteZone" time="7.421"/>
  <testcase classname="com.POS.TestCases.VerifyStoreManageTest" name="validateDeleteStore" time="7.067"/>
  <testcase classname="com.POS.TestCases.VerifyProductPageTest" name="validateShowPdtTblCount" time="25.335"/>
  <testcase classname="com.POS.TestCases.VerifyProductPageTest" name="validateFilterBySupplier" time="25.394"/>
  <testcase classname="com.POS.TestCases.VerifyProductPageTest" name="validateFilterByPdtType" time="38.706"/>
  <testcase classname="com.POS.TestCases.VerifyProductPageTest" name="validateFilterBySupPdtType" time="40.679"/>
  <testcase classname="com.POS.TestCases.VerifyProductPageTest" name="validateDownloadCSV" time="24.523"/>
  <testcase classname="com.POS.TestCases.VerifyProductPageTest" name="validateUploadCSV" time="32.592"/>
  <testcase classname="com.POS.TestCases.VerifyProductPageTest" name="validatePrintMenu" time="49.316"/>
  <testcase classname="com.POS.TestCases.VerifyProductPageTest" name="validateAddProduct" time="57.323"/>
  <testcase classname="com.POS.TestCases.VerifyProductPageTest" name="validateSearchPdt" time="22.759"/>
  <testcase classname="com.POS.TestCases.VerifyCategoryTest" name="validateCatTblHeaders" time="4.899"/>
  <testcase classname="com.POS.TestCases.VerifyCategoryTest" name="validateAddCategory" time="7.153"/>
  <testcase classname="com.POS.TestCases.VerifySettingsTest" name="validateAddUser" time="10.582"/>
  <testcase classname="com.POS.TestCases.VerifyWaiterTest" name="validateShowCount" time="76.984">
    <skipped/>
  </testcase> <!-- validateShowCount -->
  <testcase classname="com.POS.TestCases.VerifyWaiterTest" name="validateShowCount" time="15.619"/>
  <testcase classname="com.POS.TestCases.VerifyWaiterTest" name="validateAddWaiter" time="9.079"/>
  <testcase classname="com.POS.TestCases.VerifyWaiterTest" name="validateSearchWaiter" time="7.164"/>
  <testcase classname="com.POS.TestCases.VerifyWaiterTest" name="validateEditWaiter" time="9.724"/>
  <testcase classname="com.POS.BaseClass.BaseClass" name="@BeforeSuite loadFiles" time="0.0">
    <ignored/>
  </testcase> <!-- @BeforeSuite loadFiles -->
  <testcase classname="com.POS.BaseClass.BaseClass" name="@BeforeTest loadConfig" time="0.0">
    <ignored/>
  </testcase> <!-- @BeforeTest loadConfig -->
  <testcase classname="com.POS.BaseClass.BaseClass" name="@BeforeSuite loadFiles" time="0.0">
    <ignored/>
  </testcase> <!-- @BeforeSuite loadFiles -->
  <testcase classname="com.POS.BaseClass.BaseClass" name="@BeforeTest loadConfig" time="0.0">
    <ignored/>
  </testcase> <!-- @BeforeTest loadConfig -->
  <testcase classname="com.POS.BaseClass.BaseClass" name="@AfterSuite tearDown" time="0.0">
    <ignored/>
  </testcase> <!-- @AfterSuite tearDown -->
  <testcase classname="com.POS.TestCases.VerifyHomePageTest" name="validateElementsDisplay" time="0.0">
    <ignored/>
  </testcase> <!-- validateElementsDisplay -->
  <testcase classname="com.POS.BaseClass.BaseClass" name="@BeforeSuite loadFiles" time="0.0">
    <ignored/>
  </testcase> <!-- @BeforeSuite loadFiles -->
  <testcase classname="com.POS.BaseClass.BaseClass" name="@BeforeTest loadConfig" time="0.0">
    <ignored/>
  </testcase> <!-- @BeforeTest loadConfig -->
  <testcase classname="com.POS.BaseClass.BaseClass" name="@BeforeTest loadConfig" time="0.0">
    <ignored/>
  </testcase> <!-- @BeforeTest loadConfig -->
  <testcase classname="com.POS.BaseClass.BaseClass" name="@BeforeTest loadConfig" time="0.0">
    <ignored/>
  </testcase> <!-- @BeforeTest loadConfig -->
  <testcase classname="com.POS.BaseClass.BaseClass" name="@AfterSuite tearDown" time="0.0">
    <ignored/>
  </testcase> <!-- @AfterSuite tearDown -->
  <testcase classname="com.POS.BaseClass.BaseClass" name="@BeforeSuite loadFiles" time="0.0">
    <ignored/>
  </testcase> <!-- @BeforeSuite loadFiles -->
  <testcase classname="com.POS.BaseClass.BaseClass" name="@AfterSuite tearDown" time="0.0">
    <ignored/>
  </testcase> <!-- @AfterSuite tearDown -->
  <testcase classname="com.POS.BaseClass.BaseClass" name="@BeforeTest loadConfig" time="0.0">
    <ignored/>
  </testcase> <!-- @BeforeTest loadConfig -->
  <testcase classname="com.POS.BaseClass.BaseClass" name="@BeforeSuite loadFiles" time="0.0">
    <ignored/>
  </testcase> <!-- @BeforeSuite loadFiles -->
  <testcase classname="com.POS.BaseClass.BaseClass" name="@BeforeSuite loadFiles" time="0.0">
    <ignored/>
  </testcase> <!-- @BeforeSuite loadFiles -->
  <testcase classname="com.POS.BaseClass.BaseClass" name="@AfterSuite tearDown" time="0.0">
    <ignored/>
  </testcase> <!-- @AfterSuite tearDown -->
  <testcase classname="com.POS.BaseClass.BaseClass" name="@AfterSuite tearDown" time="0.0">
    <ignored/>
  </testcase> <!-- @AfterSuite tearDown -->
  <testcase classname="com.POS.BaseClass.BaseClass" name="@BeforeTest loadConfig" time="0.0">
    <ignored/>
  </testcase> <!-- @BeforeTest loadConfig -->
  <testcase classname="com.POS.BaseClass.BaseClass" name="@BeforeSuite loadFiles" time="0.0">
    <ignored/>
  </testcase> <!-- @BeforeSuite loadFiles -->
  <testcase classname="com.POS.BaseClass.BaseClass" name="@AfterSuite tearDown" time="0.0">
    <ignored/>
  </testcase> <!-- @AfterSuite tearDown -->
  <testcase classname="com.POS.BaseClass.BaseClass" name="@AfterSuite tearDown" time="0.0">
    <ignored/>
  </testcase> <!-- @AfterSuite tearDown -->
</testsuite> <!-- QALegendTest -->
